<?xml version="1.0" encoding="UTF-8"?>
<!-- Generated by org.testng.reporters.JUnitReportReporter -->
<testsuite hostname="Aakash-Lap" name="com.myntraonline.qa.testcases.LoginPageTest" tests="2" failures="0" timestamp="5 Apr 2018 09:05:54 GMT" time="47.434" errors="0">
  <testcase name="loginPageLoginTest" time="33.032" classname="com.myntraonline.qa.testcases.LoginPageTest"/>
  <testcase name="loginPageTitleTest" time="14.402" classname="com.myntraonline.qa.testcases.LoginPageTest"/>
</testsuite> <!-- com.myntraonline.qa.testcases.LoginPageTest -->
